0 info it worked if it ends with ok
1 verbose cli [
1 verbose cli   'E:\\nodejs\\node.exe',
1 verbose cli   'E:\\nodejs\\node_modules\\npm\\bin\\npm-cli.js',
1 verbose cli   'run',
1 verbose cli   'serve',
1 verbose cli   '--scripts-prepend-node-path=auto'
1 verbose cli ]
2 info using npm@6.14.8
3 info using node@v14.15.0
4 verbose stack Error: Failed to parse json
4 verbose stack Unexpected end of JSON input while parsing near '...    "not dead"
4 verbose stack   ]
4 verbose stack }
4 verbose stack '
4 verbose stack     at parseError (E:\nodejs\node_modules\npm\node_modules\read-package-json\read-json.js:470:11)
4 verbose stack     at parseJson (E:\nodejs\node_modules\npm\node_modules\read-package-json\read-json.js:105:26)
4 verbose stack     at E:\nodejs\node_modules\npm\node_modules\read-package-json\read-json.js:52:5
4 verbose stack     at E:\nodejs\node_modules\npm\node_modules\graceful-fs\graceful-fs.js:123:16
4 verbose stack     at FSReqCallback.readFileAfterClose [as oncomplete] (internal/fs/read_file_context.js:63:3)
5 verbose cwd E:\day1111\admin
6 verbose Windows_NT 10.0.19569
7 verbose argv "E:\\nodejs\\node.exe" "E:\\nodejs\\node_modules\\npm\\bin\\npm-cli.js" "run" "serve" "--scripts-prepend-node-path=auto"
8 verbose node v14.15.0
9 verbose npm  v6.14.8
10 error code EJSONPARSE
11 error file E:\day1111\admin\package.json
12 error JSON.parse Failed to parse json
12 error JSON.parse Unexpected end of JSON input while parsing near '...    "not dead"
12 error JSON.parse   ]
12 error JSON.parse }
12 error JSON.parse '
13 error JSON.parse Failed to parse package.json data.
13 error JSON.parse package.json must be actual JSON, not just JavaScript.
14 verbose exit [ 1, true ]
